[2020-08-06 09:39:33] laravel.EMERGENCY: Unable to create configured logger. Using emergency logger. {"exception":"[object] (InvalidArgumentException(code: 0): Log [] is not defined. at /home/valteir/code/estudo/code-education/curso-microservices/sources/cms-code-micro-video/vendor/laravel/framework/src/Illuminate/Log/LogManager.php:192)
[stacktrace]
#0 /home/valteir/code/estudo/code-education/curso-microservices/sources/cms-code-micro-video/vendor/laravel/framework/src/Illuminate/Log/LogManager.php(118): Illuminate\\Log\\LogManager->resolve(NULL)
#1 /home/valteir/code/estudo/code-education/curso-microservices/sources/cms-code-micro-video/vendor/laravel/framework/src/Illuminate/Log/LogManager.php(98): Illuminate\\Log\\LogManager->get(NULL)
#2 /home/valteir/code/estudo/code-education/curso-microservices/sources/cms-code-micro-video/vendor/laravel/framework/src/Illuminate/Log/LogManager.php(547): Illuminate\\Log\\LogManager->driver()
#3 /home/valteir/code/estudo/code-education/curso-microservices/sources/cms-code-micro-video/vendor/laravel/framework/src/Illuminate/Foundation/Exceptions/Handler.php(121): Illuminate\\Log\\LogManager->error('Class 'Symfony\\\\...', Array)
#4 /home/valteir/code/estudo/code-education/curso-microservices/sources/cms-code-micro-video/app/Exceptions/Handler.php(37): Illuminate\\Foundation\\Exceptions\\Handler->report(Object(Symfony\\Component\\Debug\\Exception\\FatalThrowableError))
#5 /home/valteir/code/estudo/code-education/curso-microservices/sources/cms-code-micro-video/vendor/laravel/framework/src/Illuminate/Foundation/Console/Kernel.php(376): App\\Exceptions\\Handler->report(Object(Symfony\\Component\\Debug\\Exception\\FatalThrowableError))
#6 /home/valteir/code/estudo/code-education/curso-microservices/sources/cms-code-micro-video/vendor/laravel/framework/src/Illuminate/Foundation/Console/Kernel.php(141): Illuminate\\Foundation\\Console\\Kernel->reportException(Object(Symfony\\Component\\Debug\\Exception\\FatalThrowableError))
#7 Command line code(1): Illuminate\\Foundation\\Console\\Kernel->handle(Object(Symfony\\Component\\Console\\Input\\ArgvInput), Object(Symfony\\Component\\Console\\Output\\ConsoleOutput))
#8 {main}
"} 
[2020-08-06 09:39:33] laravel.ERROR: Class 'Symfony\Component\Finder\Finder' not found {"exception":"[object] (Symfony\\Component\\Debug\\Exception\\FatalThrowableError(code: 0): Class 'Symfony\\Component\\Finder\\Finder' not found at /home/valteir/code/estudo/code-education/curso-microservices/sources/cms-code-micro-video/vendor/laravel/framework/src/Illuminate/Foundation/Bootstrap/LoadConfiguration.php:88)
[stacktrace]
#0 /home/valteir/code/estudo/code-education/curso-microservices/sources/cms-code-micro-video/vendor/laravel/framework/src/Illuminate/Foundation/Bootstrap/LoadConfiguration.php(65): Illuminate\\Foundation\\Bootstrap\\LoadConfiguration->getConfigurationFiles(Object(Illuminate\\Foundation\\Application))
#1 /home/valteir/code/estudo/code-education/curso-microservices/sources/cms-code-micro-video/vendor/laravel/framework/src/Illuminate/Foundation/Bootstrap/LoadConfiguration.php(39): Illuminate\\Foundation\\Bootstrap\\LoadConfiguration->loadConfigurationFiles(Object(Illuminate\\Foundation\\Application), Object(Illuminate\\Config\\Repository))
#2 /home/valteir/code/estudo/code-education/curso-microservices/sources/cms-code-micro-video/vendor/laravel/framework/src/Illuminate/Foundation/Application.php(219): Illuminate\\Foundation\\Bootstrap\\LoadConfiguration->bootstrap(Object(Illuminate\\Foundation\\Application))
#3 /home/valteir/code/estudo/code-education/curso-microservices/sources/cms-code-micro-video/vendor/laravel/framework/src/Illuminate/Foundation/Console/Kernel.php(320): Illuminate\\Foundation\\Application->bootstrapWith(Array)
#4 /home/valteir/code/estudo/code-education/curso-microservices/sources/cms-code-micro-video/vendor/laravel/framework/src/Illuminate/Foundation/Console/Kernel.php(129): Illuminate\\Foundation\\Console\\Kernel->bootstrap()
#5 Command line code(1): Illuminate\\Foundation\\Console\\Kernel->handle(Object(Symfony\\Component\\Console\\Input\\ArgvInput), Object(Symfony\\Component\\Console\\Output\\ConsoleOutput))
#6 {main}
"} 
