[2020-08-06 12:39:50] local.ERROR: Class 'Doctrine\Inflector\Inflector' not found {"exception":"[object] (Symfony\\Component\\Debug\\Exception\\FatalThrowableError(code: 0): Class 'Doctrine\\Inflector\\Inflector' not found at /var/www/vendor/laravel/framework/src/Illuminate/Support/Pluralizer.php:135)
[stacktrace]
#0 /var/www/vendor/laravel/framework/src/Illuminate/Support/Pluralizer.php(89): Illuminate\\Support\\Pluralizer::inflector()
#1 /var/www/vendor/laravel/framework/src/Illuminate/Support/Str.php(511): Illuminate\\Support\\Pluralizer::singular('categories')
#2 /var/www/vendor/laravel/framework/src/Illuminate/Routing/ResourceRegistrar.php(367): Illuminate\\Support\\Str::singular('categories')
#3 /var/www/vendor/laravel/framework/src/Illuminate/Routing/ResourceRegistrar.php(91): Illuminate\\Routing\\ResourceRegistrar->getResourceWildcard('categories')
#4 /var/www/vendor/laravel/framework/src/Illuminate/Routing/PendingResourceRegistration.php(179): Illuminate\\Routing\\ResourceRegistrar->register('categories', 'CategoryControl...', Array)
#5 /var/www/vendor/laravel/framework/src/Illuminate/Routing/PendingResourceRegistration.php(191): Illuminate\\Routing\\PendingResourceRegistration->register()
#6 /var/www/vendor/laravel/framework/src/Illuminate/Support/Facades/Facade.php(261): Illuminate\\Routing\\PendingResourceRegistration->__destruct()
#7 /var/www/routes/api.php(23): Illuminate\\Support\\Facades\\Facade::__callStatic('resource', Array)
#8 /var/www/vendor/laravel/framework/src/Illuminate/Routing/Router.php(414): Illuminate\\Routing\\RouteFileRegistrar->{closure}(Object(Illuminate\\Routing\\Router))
#9 /var/www/vendor/laravel/framework/src/Illuminate/Routing/Router.php(374): Illuminate\\Routing\\Router->loadRoutes(Object(Closure))
#10 /var/www/vendor/laravel/framework/src/Illuminate/Support/Facades/Facade.php(261): Illuminate\\Routing\\Router->group(Array, Object(Closure))
#11 /var/www/routes/api.php(27): Illuminate\\Support\\Facades\\Facade::__callStatic('group', Array)
#12 /var/www/vendor/laravel/framework/src/Illuminate/Routing/RouteFileRegistrar.php(35): require('/var/www/routes...')
#13 /var/www/vendor/laravel/framework/src/Illuminate/Routing/Router.php(416): Illuminate\\Routing\\RouteFileRegistrar->register('/var/www/routes...')
#14 /var/www/vendor/laravel/framework/src/Illuminate/Routing/Router.php(374): Illuminate\\Routing\\Router->loadRoutes('/var/www/routes...')
#15 /var/www/vendor/laravel/framework/src/Illuminate/Routing/RouteRegistrar.php(121): Illuminate\\Routing\\Router->group(Array, '/var/www/routes...')
#16 /var/www/app/Providers/RouteServiceProvider.php(71): Illuminate\\Routing\\RouteRegistrar->group('/var/www/routes...')
#17 /var/www/app/Providers/RouteServiceProvider.php(38): App\\Providers\\RouteServiceProvider->mapApiRoutes()
#18 [internal function]: App\\Providers\\RouteServiceProvider->map()
#19 /var/www/vendor/laravel/framework/src/Illuminate/Container/BoundMethod.php(32): call_user_func_array(Array, Array)
#20 /var/www/vendor/laravel/framework/src/Illuminate/Container/Util.php(37): Illuminate\\Container\\BoundMethod::Illuminate\\Container\\{closure}()
#21 /var/www/vendor/laravel/framework/src/Illuminate/Container/BoundMethod.php(90): Illuminate\\Container\\Util::unwrapIfClosure(Object(Closure))
#22 /var/www/vendor/laravel/framework/src/Illuminate/Container/BoundMethod.php(34): Illuminate\\Container\\BoundMethod::callBoundMethod(Object(Illuminate\\Foundation\\Application), Array, Object(Closure))
#23 /var/www/vendor/laravel/framework/src/Illuminate/Container/Container.php(590): Illuminate\\Container\\BoundMethod::call(Object(Illuminate\\Foundation\\Application), Array, Array, NULL)
#24 /var/www/vendor/laravel/framework/src/Illuminate/Foundation/Support/Providers/RouteServiceProvider.php(87): Illuminate\\Container\\Container->call(Array)
#25 /var/www/vendor/laravel/framework/src/Illuminate/Foundation/Support/Providers/RouteServiceProvider.php(36): Illuminate\\Foundation\\Support\\Providers\\RouteServiceProvider->loadRoutes()
#26 /var/www/app/Providers/RouteServiceProvider.php(28): Illuminate\\Foundation\\Support\\Providers\\RouteServiceProvider->boot()
#27 [internal function]: App\\Providers\\RouteServiceProvider->boot()
#28 /var/www/vendor/laravel/framework/src/Illuminate/Container/BoundMethod.php(32): call_user_func_array(Array, Array)
#29 /var/www/vendor/laravel/framework/src/Illuminate/Container/Util.php(37): Illuminate\\Container\\BoundMethod::Illuminate\\Container\\{closure}()
#30 /var/www/vendor/laravel/framework/src/Illuminate/Container/BoundMethod.php(90): Illuminate\\Container\\Util::unwrapIfClosure(Object(Closure))
#31 /var/www/vendor/laravel/framework/src/Illuminate/Container/BoundMethod.php(34): Illuminate\\Container\\BoundMethod::callBoundMethod(Object(Illuminate\\Foundation\\Application), Array, Object(Closure))
#32 /var/www/vendor/laravel/framework/src/Illuminate/Container/Container.php(590): Illuminate\\Container\\BoundMethod::call(Object(Illuminate\\Foundation\\Application), Array, Array, NULL)
#33 /var/www/vendor/laravel/framework/src/Illuminate/Foundation/Application.php(856): Illuminate\\Container\\Container->call(Array)
#34 /var/www/vendor/laravel/framework/src/Illuminate/Foundation/Application.php(839): Illuminate\\Foundation\\Application->bootProvider(Object(App\\Providers\\RouteServiceProvider))
#35 [internal function]: Illuminate\\Foundation\\Application->Illuminate\\Foundation\\{closure}(Object(App\\Providers\\RouteServiceProvider), 23)
#36 /var/www/vendor/laravel/framework/src/Illuminate/Foundation/Application.php(840): array_walk(Array, Object(Closure))
#37 /var/www/vendor/laravel/framework/src/Illuminate/Foundation/Bootstrap/BootProviders.php(17): Illuminate\\Foundation\\Application->boot()
#38 /var/www/vendor/laravel/framework/src/Illuminate/Foundation/Application.php(219): Illuminate\\Foundation\\Bootstrap\\BootProviders->bootstrap(Object(Illuminate\\Foundation\\Application))
#39 /var/www/vendor/laravel/framework/src/Illuminate/Foundation/Console/Kernel.php(320): Illuminate\\Foundation\\Application->bootstrapWith(Array)
#40 /var/www/vendor/laravel/framework/src/Illuminate/Foundation/Console/Kernel.php(129): Illuminate\\Foundation\\Console\\Kernel->bootstrap()
#41 /var/www/artisan(37): Illuminate\\Foundation\\Console\\Kernel->handle(Object(Symfony\\Component\\Console\\Input\\ArgvInput), Object(Symfony\\Component\\Console\\Output\\ConsoleOutput))
#42 {main}
"} 
[2020-08-06 12:40:40] local.ERROR: Class 'Doctrine\Inflector\Inflector' not found {"exception":"[object] (Symfony\\Component\\Debug\\Exception\\FatalThrowableError(code: 0): Class 'Doctrine\\Inflector\\Inflector' not found at /var/www/vendor/laravel/framework/src/Illuminate/Support/Pluralizer.php:135)
[stacktrace]
#0 /var/www/vendor/laravel/framework/src/Illuminate/Support/Pluralizer.php(89): Illuminate\\Support\\Pluralizer::inflector()
#1 /var/www/vendor/laravel/framework/src/Illuminate/Support/Str.php(511): Illuminate\\Support\\Pluralizer::singular('categories')
#2 /var/www/vendor/laravel/framework/src/Illuminate/Routing/ResourceRegistrar.php(367): Illuminate\\Support\\Str::singular('categories')
#3 /var/www/vendor/laravel/framework/src/Illuminate/Routing/ResourceRegistrar.php(91): Illuminate\\Routing\\ResourceRegistrar->getResourceWildcard('categories')
#4 /var/www/vendor/laravel/framework/src/Illuminate/Routing/PendingResourceRegistration.php(179): Illuminate\\Routing\\ResourceRegistrar->register('categories', 'CategoryControl...', Array)
#5 /var/www/vendor/laravel/framework/src/Illuminate/Routing/PendingResourceRegistration.php(191): Illuminate\\Routing\\PendingResourceRegistration->register()
#6 /var/www/vendor/laravel/framework/src/Illuminate/Support/Facades/Facade.php(261): Illuminate\\Routing\\PendingResourceRegistration->__destruct()
#7 /var/www/routes/api.php(23): Illuminate\\Support\\Facades\\Facade::__callStatic('resource', Array)
#8 /var/www/vendor/laravel/framework/src/Illuminate/Routing/Router.php(414): Illuminate\\Routing\\RouteFileRegistrar->{closure}(Object(Illuminate\\Routing\\Router))
#9 /var/www/vendor/laravel/framework/src/Illuminate/Routing/Router.php(374): Illuminate\\Routing\\Router->loadRoutes(Object(Closure))
#10 /var/www/vendor/laravel/framework/src/Illuminate/Support/Facades/Facade.php(261): Illuminate\\Routing\\Router->group(Array, Object(Closure))
#11 /var/www/routes/api.php(27): Illuminate\\Support\\Facades\\Facade::__callStatic('group', Array)
#12 /var/www/vendor/laravel/framework/src/Illuminate/Routing/RouteFileRegistrar.php(35): require('/var/www/routes...')
#13 /var/www/vendor/laravel/framework/src/Illuminate/Routing/Router.php(416): Illuminate\\Routing\\RouteFileRegistrar->register('/var/www/routes...')
#14 /var/www/vendor/laravel/framework/src/Illuminate/Routing/Router.php(374): Illuminate\\Routing\\Router->loadRoutes('/var/www/routes...')
#15 /var/www/vendor/laravel/framework/src/Illuminate/Routing/RouteRegistrar.php(121): Illuminate\\Routing\\Router->group(Array, '/var/www/routes...')
#16 /var/www/app/Providers/RouteServiceProvider.php(71): Illuminate\\Routing\\RouteRegistrar->group('/var/www/routes...')
#17 /var/www/app/Providers/RouteServiceProvider.php(38): App\\Providers\\RouteServiceProvider->mapApiRoutes()
#18 [internal function]: App\\Providers\\RouteServiceProvider->map()
#19 /var/www/vendor/laravel/framework/src/Illuminate/Container/BoundMethod.php(32): call_user_func_array(Array, Array)
#20 /var/www/vendor/laravel/framework/src/Illuminate/Container/Util.php(37): Illuminate\\Container\\BoundMethod::Illuminate\\Container\\{closure}()
#21 /var/www/vendor/laravel/framework/src/Illuminate/Container/BoundMethod.php(90): Illuminate\\Container\\Util::unwrapIfClosure(Object(Closure))
#22 /var/www/vendor/laravel/framework/src/Illuminate/Container/BoundMethod.php(34): Illuminate\\Container\\BoundMethod::callBoundMethod(Object(Illuminate\\Foundation\\Application), Array, Object(Closure))
#23 /var/www/vendor/laravel/framework/src/Illuminate/Container/Container.php(590): Illuminate\\Container\\BoundMethod::call(Object(Illuminate\\Foundation\\Application), Array, Array, NULL)
#24 /var/www/vendor/laravel/framework/src/Illuminate/Foundation/Support/Providers/RouteServiceProvider.php(87): Illuminate\\Container\\Container->call(Array)
#25 /var/www/vendor/laravel/framework/src/Illuminate/Foundation/Support/Providers/RouteServiceProvider.php(36): Illuminate\\Foundation\\Support\\Providers\\RouteServiceProvider->loadRoutes()
#26 /var/www/app/Providers/RouteServiceProvider.php(28): Illuminate\\Foundation\\Support\\Providers\\RouteServiceProvider->boot()
#27 [internal function]: App\\Providers\\RouteServiceProvider->boot()
#28 /var/www/vendor/laravel/framework/src/Illuminate/Container/BoundMethod.php(32): call_user_func_array(Array, Array)
#29 /var/www/vendor/laravel/framework/src/Illuminate/Container/Util.php(37): Illuminate\\Container\\BoundMethod::Illuminate\\Container\\{closure}()
#30 /var/www/vendor/laravel/framework/src/Illuminate/Container/BoundMethod.php(90): Illuminate\\Container\\Util::unwrapIfClosure(Object(Closure))
#31 /var/www/vendor/laravel/framework/src/Illuminate/Container/BoundMethod.php(34): Illuminate\\Container\\BoundMethod::callBoundMethod(Object(Illuminate\\Foundation\\Application), Array, Object(Closure))
#32 /var/www/vendor/laravel/framework/src/Illuminate/Container/Container.php(590): Illuminate\\Container\\BoundMethod::call(Object(Illuminate\\Foundation\\Application), Array, Array, NULL)
#33 /var/www/vendor/laravel/framework/src/Illuminate/Foundation/Application.php(856): Illuminate\\Container\\Container->call(Array)
#34 /var/www/vendor/laravel/framework/src/Illuminate/Foundation/Application.php(839): Illuminate\\Foundation\\Application->bootProvider(Object(App\\Providers\\RouteServiceProvider))
#35 [internal function]: Illuminate\\Foundation\\Application->Illuminate\\Foundation\\{closure}(Object(App\\Providers\\RouteServiceProvider), 23)
#36 /var/www/vendor/laravel/framework/src/Illuminate/Foundation/Application.php(840): array_walk(Array, Object(Closure))
#37 /var/www/vendor/laravel/framework/src/Illuminate/Foundation/Bootstrap/BootProviders.php(17): Illuminate\\Foundation\\Application->boot()
#38 /var/www/vendor/laravel/framework/src/Illuminate/Foundation/Application.php(219): Illuminate\\Foundation\\Bootstrap\\BootProviders->bootstrap(Object(Illuminate\\Foundation\\Application))
#39 /var/www/vendor/laravel/framework/src/Illuminate/Foundation/Console/Kernel.php(320): Illuminate\\Foundation\\Application->bootstrapWith(Array)
#40 /var/www/vendor/laravel/framework/src/Illuminate/Foundation/Console/Kernel.php(129): Illuminate\\Foundation\\Console\\Kernel->bootstrap()
#41 /var/www/artisan(37): Illuminate\\Foundation\\Console\\Kernel->handle(Object(Symfony\\Component\\Console\\Input\\ArgvInput), Object(Symfony\\Component\\Console\\Output\\ConsoleOutput))
#42 {main}
"} 
[2020-08-06 12:40:40] local.ERROR: Class 'Doctrine\Inflector\Inflector' not found {"exception":"[object] (Symfony\\Component\\Debug\\Exception\\FatalThrowableError(code: 0): Class 'Doctrine\\Inflector\\Inflector' not found at /var/www/vendor/laravel/framework/src/Illuminate/Support/Pluralizer.php:135)
[stacktrace]
#0 /var/www/vendor/laravel/framework/src/Illuminate/Support/Pluralizer.php(89): Illuminate\\Support\\Pluralizer::inflector()
#1 /var/www/vendor/laravel/framework/src/Illuminate/Support/Str.php(511): Illuminate\\Support\\Pluralizer::singular('categories')
#2 /var/www/vendor/laravel/framework/src/Illuminate/Routing/ResourceRegistrar.php(367): Illuminate\\Support\\Str::singular('categories')
#3 /var/www/vendor/laravel/framework/src/Illuminate/Routing/ResourceRegistrar.php(91): Illuminate\\Routing\\ResourceRegistrar->getResourceWildcard('categories')
#4 /var/www/vendor/laravel/framework/src/Illuminate/Routing/PendingResourceRegistration.php(179): Illuminate\\Routing\\ResourceRegistrar->register('categories', 'CategoryControl...', Array)
#5 /var/www/vendor/laravel/framework/src/Illuminate/Routing/PendingResourceRegistration.php(191): Illuminate\\Routing\\PendingResourceRegistration->register()
#6 /var/www/vendor/laravel/framework/src/Illuminate/Support/Facades/Facade.php(261): Illuminate\\Routing\\PendingResourceRegistration->__destruct()
#7 /var/www/routes/api.php(23): Illuminate\\Support\\Facades\\Facade::__callStatic('resource', Array)
#8 /var/www/vendor/laravel/framework/src/Illuminate/Routing/Router.php(414): Illuminate\\Routing\\RouteFileRegistrar->{closure}(Object(Illuminate\\Routing\\Router))
#9 /var/www/vendor/laravel/framework/src/Illuminate/Routing/Router.php(374): Illuminate\\Routing\\Router->loadRoutes(Object(Closure))
#10 /var/www/vendor/laravel/framework/src/Illuminate/Support/Facades/Facade.php(261): Illuminate\\Routing\\Router->group(Array, Object(Closure))
#11 /var/www/routes/api.php(27): Illuminate\\Support\\Facades\\Facade::__callStatic('group', Array)
#12 /var/www/vendor/laravel/framework/src/Illuminate/Routing/RouteFileRegistrar.php(35): require('/var/www/routes...')
#13 /var/www/vendor/laravel/framework/src/Illuminate/Routing/Router.php(416): Illuminate\\Routing\\RouteFileRegistrar->register('/var/www/routes...')
#14 /var/www/vendor/laravel/framework/src/Illuminate/Routing/Router.php(374): Illuminate\\Routing\\Router->loadRoutes('/var/www/routes...')
#15 /var/www/vendor/laravel/framework/src/Illuminate/Routing/RouteRegistrar.php(121): Illuminate\\Routing\\Router->group(Array, '/var/www/routes...')
#16 /var/www/app/Providers/RouteServiceProvider.php(71): Illuminate\\Routing\\RouteRegistrar->group('/var/www/routes...')
#17 /var/www/app/Providers/RouteServiceProvider.php(38): App\\Providers\\RouteServiceProvider->mapApiRoutes()
#18 [internal function]: App\\Providers\\RouteServiceProvider->map()
#19 /var/www/vendor/laravel/framework/src/Illuminate/Container/BoundMethod.php(32): call_user_func_array(Array, Array)
#20 /var/www/vendor/laravel/framework/src/Illuminate/Container/Util.php(37): Illuminate\\Container\\BoundMethod::Illuminate\\Container\\{closure}()
#21 /var/www/vendor/laravel/framework/src/Illuminate/Container/BoundMethod.php(90): Illuminate\\Container\\Util::unwrapIfClosure(Object(Closure))
#22 /var/www/vendor/laravel/framework/src/Illuminate/Container/BoundMethod.php(34): Illuminate\\Container\\BoundMethod::callBoundMethod(Object(Illuminate\\Foundation\\Application), Array, Object(Closure))
#23 /var/www/vendor/laravel/framework/src/Illuminate/Container/Container.php(590): Illuminate\\Container\\BoundMethod::call(Object(Illuminate\\Foundation\\Application), Array, Array, NULL)
#24 /var/www/vendor/laravel/framework/src/Illuminate/Foundation/Support/Providers/RouteServiceProvider.php(87): Illuminate\\Container\\Container->call(Array)
#25 /var/www/vendor/laravel/framework/src/Illuminate/Foundation/Support/Providers/RouteServiceProvider.php(36): Illuminate\\Foundation\\Support\\Providers\\RouteServiceProvider->loadRoutes()
#26 /var/www/app/Providers/RouteServiceProvider.php(28): Illuminate\\Foundation\\Support\\Providers\\RouteServiceProvider->boot()
#27 [internal function]: App\\Providers\\RouteServiceProvider->boot()
#28 /var/www/vendor/laravel/framework/src/Illuminate/Container/BoundMethod.php(32): call_user_func_array(Array, Array)
#29 /var/www/vendor/laravel/framework/src/Illuminate/Container/Util.php(37): Illuminate\\Container\\BoundMethod::Illuminate\\Container\\{closure}()
#30 /var/www/vendor/laravel/framework/src/Illuminate/Container/BoundMethod.php(90): Illuminate\\Container\\Util::unwrapIfClosure(Object(Closure))
#31 /var/www/vendor/laravel/framework/src/Illuminate/Container/BoundMethod.php(34): Illuminate\\Container\\BoundMethod::callBoundMethod(Object(Illuminate\\Foundation\\Application), Array, Object(Closure))
#32 /var/www/vendor/laravel/framework/src/Illuminate/Container/Container.php(590): Illuminate\\Container\\BoundMethod::call(Object(Illuminate\\Foundation\\Application), Array, Array, NULL)
#33 /var/www/vendor/laravel/framework/src/Illuminate/Foundation/Application.php(856): Illuminate\\Container\\Container->call(Array)
#34 /var/www/vendor/laravel/framework/src/Illuminate/Foundation/Application.php(839): Illuminate\\Foundation\\Application->bootProvider(Object(App\\Providers\\RouteServiceProvider))
#35 [internal function]: Illuminate\\Foundation\\Application->Illuminate\\Foundation\\{closure}(Object(App\\Providers\\RouteServiceProvider), 23)
#36 /var/www/vendor/laravel/framework/src/Illuminate/Foundation/Application.php(840): array_walk(Array, Object(Closure))
#37 /var/www/vendor/laravel/framework/src/Illuminate/Foundation/Bootstrap/BootProviders.php(17): Illuminate\\Foundation\\Application->boot()
#38 /var/www/vendor/laravel/framework/src/Illuminate/Foundation/Application.php(219): Illuminate\\Foundation\\Bootstrap\\BootProviders->bootstrap(Object(Illuminate\\Foundation\\Application))
#39 /var/www/vendor/laravel/framework/src/Illuminate/Foundation/Console/Kernel.php(320): Illuminate\\Foundation\\Application->bootstrapWith(Array)
#40 /var/www/vendor/laravel/framework/src/Illuminate/Foundation/Console/Kernel.php(129): Illuminate\\Foundation\\Console\\Kernel->bootstrap()
#41 /var/www/artisan(37): Illuminate\\Foundation\\Console\\Kernel->handle(Object(Symfony\\Component\\Console\\Input\\ArgvInput), Object(Symfony\\Component\\Console\\Output\\ConsoleOutput))
#42 {main}
"} 
