[2020-04-11 00:28:32] local.ERROR: SQLSTATE[01000]: Warning: 1265 Data truncated for column 'id' at row 1 (SQL: insert into `genres` (`id`, `updated_at`, `created_at`) values (9a95f91a-a782-4f30-aa55-3886c8c87287, 2020-04-11 00:28:32, 2020-04-11 00:28:32)) {"exception":"[object] (Illuminate\\Database\\QueryException(code: 01000): SQLSTATE[01000]: Warning: 1265 Data truncated for column 'id' at row 1 (SQL: insert into `genres` (`id`, `updated_at`, `created_at`) values (9a95f91a-a782-4f30-aa55-3886c8c87287, 2020-04-11 00:28:32, 2020-04-11 00:28:32)) at /var/www/vendor/laravel/framework/src/Illuminate/Database/Connection.php:669)
[stacktrace]
#0 /var/www/vendor/laravel/framework/src/Illuminate/Database/Connection.php(629): Illuminate\\Database\\Connection->runQueryCallback('insert into `ge...', Array, Object(Closure))
#1 /var/www/vendor/laravel/framework/src/Illuminate/Database/Connection.php(464): Illuminate\\Database\\Connection->run('insert into `ge...', Array, Object(Closure))
#2 /var/www/vendor/laravel/framework/src/Illuminate/Database/Connection.php(416): Illuminate\\Database\\Connection->statement('insert into `ge...', Array)
#3 /var/www/vendor/laravel/framework/src/Illuminate/Database/Query/Processors/Processor.php(32): Illuminate\\Database\\Connection->insert('insert into `ge...', Array)
#4 /var/www/vendor/laravel/framework/src/Illuminate/Database/Query/Builder.php(2695): Illuminate\\Database\\Query\\Processors\\Processor->processInsertGetId(Object(Illuminate\\Database\\Query\\Builder), 'insert into `ge...', Array, 'id')
#5 /var/www/vendor/laravel/framework/src/Illuminate/Database/Eloquent/Builder.php(1366): Illuminate\\Database\\Query\\Builder->insertGetId(Array, 'id')
#6 /var/www/vendor/laravel/framework/src/Illuminate/Database/Eloquent/Model.php(846): Illuminate\\Database\\Eloquent\\Builder->__call('insertGetId', Array)
#7 /var/www/vendor/laravel/framework/src/Illuminate/Database/Eloquent/Model.php(811): Illuminate\\Database\\Eloquent\\Model->insertAndSetId(Object(Illuminate\\Database\\Eloquent\\Builder), Array)
#8 /var/www/vendor/laravel/framework/src/Illuminate/Database/Eloquent/Model.php(674): Illuminate\\Database\\Eloquent\\Model->performInsert(Object(Illuminate\\Database\\Eloquent\\Builder))
#9 /var/www/vendor/laravel/framework/src/Illuminate/Database/Eloquent/FactoryBuilder.php(219): Illuminate\\Database\\Eloquent\\Model->save()
#10 /var/www/vendor/laravel/framework/src/Illuminate/Support/Traits/EnumeratesValues.php(176): Illuminate\\Database\\Eloquent\\FactoryBuilder->Illuminate\\Database\\Eloquent\\{closure}(Object(App\\Models\\Genre), 0)
#11 /var/www/vendor/laravel/framework/src/Illuminate/Database/Eloquent/FactoryBuilder.php(220): Illuminate\\Support\\Collection->each(Object(Closure))
#12 /var/www/vendor/laravel/framework/src/Illuminate/Database/Eloquent/FactoryBuilder.php(185): Illuminate\\Database\\Eloquent\\FactoryBuilder->store(Object(Illuminate\\Database\\Eloquent\\Collection))
#13 /var/www/database/seeds/GenreSeeder.php(15): Illuminate\\Database\\Eloquent\\FactoryBuilder->create()
#14 [internal function]: GenreSeeder->run()
#15 /var/www/vendor/laravel/framework/src/Illuminate/Container/BoundMethod.php(32): call_user_func_array(Array, Array)
#16 /var/www/vendor/laravel/framework/src/Illuminate/Container/Util.php(36): Illuminate\\Container\\BoundMethod::Illuminate\\Container\\{closure}()
#17 /var/www/vendor/laravel/framework/src/Illuminate/Container/BoundMethod.php(90): Illuminate\\Container\\Util::unwrapIfClosure(Object(Closure))
#18 /var/www/vendor/laravel/framework/src/Illuminate/Container/BoundMethod.php(34): Illuminate\\Container\\BoundMethod::callBoundMethod(Object(Illuminate\\Foundation\\Application), Array, Object(Closure))
#19 /var/www/vendor/laravel/framework/src/Illuminate/Container/Container.php(590): Illuminate\\Container\\BoundMethod::call(Object(Illuminate\\Foundation\\Application), Array, Array, NULL)
#20 /var/www/vendor/laravel/framework/src/Illuminate/Database/Seeder.php(134): Illuminate\\Container\\Container->call(Array)
#21 /var/www/vendor/laravel/framework/src/Illuminate/Database/Seeder.php(48): Illuminate\\Database\\Seeder->__invoke()
#22 /var/www/database/seeds/DatabaseSeeder.php(16): Illuminate\\Database\\Seeder->call('GenreSeeder')
#23 [internal function]: DatabaseSeeder->run()
#24 /var/www/vendor/laravel/framework/src/Illuminate/Container/BoundMethod.php(32): call_user_func_array(Array, Array)
#25 /var/www/vendor/laravel/framework/src/Illuminate/Container/Util.php(36): Illuminate\\Container\\BoundMethod::Illuminate\\Container\\{closure}()
#26 /var/www/vendor/laravel/framework/src/Illuminate/Container/BoundMethod.php(90): Illuminate\\Container\\Util::unwrapIfClosure(Object(Closure))
#27 /var/www/vendor/laravel/framework/src/Illuminate/Container/BoundMethod.php(34): Illuminate\\Container\\BoundMethod::callBoundMethod(Object(Illuminate\\Foundation\\Application), Array, Object(Closure))
#28 /var/www/vendor/laravel/framework/src/Illuminate/Container/Container.php(590): Illuminate\\Container\\BoundMethod::call(Object(Illuminate\\Foundation\\Application), Array, Array, NULL)
#29 /var/www/vendor/laravel/framework/src/Illuminate/Database/Seeder.php(134): Illuminate\\Container\\Container->call(Array)
#30 /var/www/vendor/laravel/framework/src/Illuminate/Database/Console/Seeds/SeedCommand.php(63): Illuminate\\Database\\Seeder->__invoke()
#31 /var/www/vendor/laravel/framework/src/Illuminate/Database/Eloquent/Concerns/GuardsAttributes.php(122): Illuminate\\Database\\Console\\Seeds\\SeedCommand->Illuminate\\Database\\Console\\Seeds\\{closure}()
#32 /var/www/vendor/laravel/framework/src/Illuminate/Database/Console/Seeds/SeedCommand.php(64): Illuminate\\Database\\Eloquent\\Model::unguarded(Object(Closure))
#33 [internal function]: Illuminate\\Database\\Console\\Seeds\\SeedCommand->handle()
#34 /var/www/vendor/laravel/framework/src/Illuminate/Container/BoundMethod.php(32): call_user_func_array(Array, Array)
#35 /var/www/vendor/laravel/framework/src/Illuminate/Container/Util.php(36): Illuminate\\Container\\BoundMethod::Illuminate\\Container\\{closure}()
#36 /var/www/vendor/laravel/framework/src/Illuminate/Container/BoundMethod.php(90): Illuminate\\Container\\Util::unwrapIfClosure(Object(Closure))
#37 /var/www/vendor/laravel/framework/src/Illuminate/Container/BoundMethod.php(34): Illuminate\\Container\\BoundMethod::callBoundMethod(Object(Illuminate\\Foundation\\Application), Array, Object(Closure))
#38 /var/www/vendor/laravel/framework/src/Illuminate/Container/Container.php(590): Illuminate\\Container\\BoundMethod::call(Object(Illuminate\\Foundation\\Application), Array, Array, NULL)
#39 /var/www/vendor/laravel/framework/src/Illuminate/Console/Command.php(134): Illuminate\\Container\\Container->call(Array)
#40 /var/www/vendor/symfony/console/Command/Command.php(255): Illuminate\\Console\\Command->execute(Object(Symfony\\Component\\Console\\Input\\ArrayInput), Object(Illuminate\\Console\\OutputStyle))
#41 /var/www/vendor/laravel/framework/src/Illuminate/Console/Command.php(121): Symfony\\Component\\Console\\Command\\Command->run(Object(Symfony\\Component\\Console\\Input\\ArrayInput), Object(Illuminate\\Console\\OutputStyle))
#42 /var/www/vendor/laravel/framework/src/Illuminate/Console/Concerns/CallsCommands.php(56): Illuminate\\Console\\Command->run(Object(Symfony\\Component\\Console\\Input\\ArrayInput), Object(Illuminate\\Console\\OutputStyle))
#43 /var/www/vendor/laravel/framework/src/Illuminate/Console/Concerns/CallsCommands.php(28): Illuminate\\Console\\Command->runCommand('db:seed', Array, Object(Illuminate\\Console\\OutputStyle))
#44 /var/www/vendor/laravel/framework/src/Illuminate/Database/Console/Migrations/MigrateCommand.php(78): Illuminate\\Console\\Command->call('db:seed', Array)
#45 [internal function]: Illuminate\\Database\\Console\\Migrations\\MigrateCommand->handle()
#46 /var/www/vendor/laravel/framework/src/Illuminate/Container/BoundMethod.php(32): call_user_func_array(Array, Array)
#47 /var/www/vendor/laravel/framework/src/Illuminate/Container/Util.php(36): Illuminate\\Container\\BoundMethod::Illuminate\\Container\\{closure}()
#48 /var/www/vendor/laravel/framework/src/Illuminate/Container/BoundMethod.php(90): Illuminate\\Container\\Util::unwrapIfClosure(Object(Closure))
#49 /var/www/vendor/laravel/framework/src/Illuminate/Container/BoundMethod.php(34): Illuminate\\Container\\BoundMethod::callBoundMethod(Object(Illuminate\\Foundation\\Application), Array, Object(Closure))
#50 /var/www/vendor/laravel/framework/src/Illuminate/Container/Container.php(590): Illuminate\\Container\\BoundMethod::call(Object(Illuminate\\Foundation\\Application), Array, Array, NULL)
#51 /var/www/vendor/laravel/framework/src/Illuminate/Console/Command.php(134): Illuminate\\Container\\Container->call(Array)
#52 /var/www/vendor/symfony/console/Command/Command.php(255): Illuminate\\Console\\Command->execute(Object(Symfony\\Component\\Console\\Input\\ArgvInput), Object(Illuminate\\Console\\OutputStyle))
#53 /var/www/vendor/laravel/framework/src/Illuminate/Console/Command.php(121): Symfony\\Component\\Console\\Command\\Command->run(Object(Symfony\\Component\\Console\\Input\\ArgvInput), Object(Illuminate\\Console\\OutputStyle))
#54 /var/www/vendor/symfony/console/Application.php(1001): Illuminate\\Console\\Command->run(Object(Symfony\\Component\\Console\\Input\\ArgvInput), Object(Symfony\\Component\\Console\\Output\\ConsoleOutput))
#55 /var/www/vendor/symfony/console/Application.php(271): Symfony\\Component\\Console\\Application->doRunCommand(Object(Illuminate\\Database\\Console\\Migrations\\MigrateCommand), Object(Symfony\\Component\\Console\\Input\\ArgvInput), Object(Symfony\\Component\\Console\\Output\\ConsoleOutput))
#56 /var/www/vendor/symfony/console/Application.php(147): Symfony\\Component\\Console\\Application->doRun(Object(Symfony\\Component\\Console\\Input\\ArgvInput), Object(Symfony\\Component\\Console\\Output\\ConsoleOutput))
#57 /var/www/vendor/laravel/framework/src/Illuminate/Console/Application.php(93): Symfony\\Component\\Console\\Application->run(Object(Symfony\\Component\\Console\\Input\\ArgvInput), Object(Symfony\\Component\\Console\\Output\\ConsoleOutput))
#58 /var/www/vendor/laravel/framework/src/Illuminate/Foundation/Console/Kernel.php(131): Illuminate\\Console\\Application->run(Object(Symfony\\Component\\Console\\Input\\ArgvInput), Object(Symfony\\Component\\Console\\Output\\ConsoleOutput))
#59 /var/www/artisan(37): Illuminate\\Foundation\\Console\\Kernel->handle(Object(Symfony\\Component\\Console\\Input\\ArgvInput), Object(Symfony\\Component\\Console\\Output\\ConsoleOutput))
#60 {main}

[previous exception] [object] (Doctrine\\DBAL\\Driver\\PDOException(code: 01000): SQLSTATE[01000]: Warning: 1265 Data truncated for column 'id' at row 1 at /var/www/vendor/doctrine/dbal/lib/Doctrine/DBAL/Driver/PDOStatement.php:123)
[stacktrace]
#0 /var/www/vendor/laravel/framework/src/Illuminate/Database/Connection.php(463): Doctrine\\DBAL\\Driver\\PDOStatement->execute()
#1 /var/www/vendor/laravel/framework/src/Illuminate/Database/Connection.php(662): Illuminate\\Database\\Connection->Illuminate\\Database\\{closure}('insert into `ge...', Array)
#2 /var/www/vendor/laravel/framework/src/Illuminate/Database/Connection.php(629): Illuminate\\Database\\Connection->runQueryCallback('insert into `ge...', Array, Object(Closure))
#3 /var/www/vendor/laravel/framework/src/Illuminate/Database/Connection.php(464): Illuminate\\Database\\Connection->run('insert into `ge...', Array, Object(Closure))
#4 /var/www/vendor/laravel/framework/src/Illuminate/Database/Connection.php(416): Illuminate\\Database\\Connection->statement('insert into `ge...', Array)
#5 /var/www/vendor/laravel/framework/src/Illuminate/Database/Query/Processors/Processor.php(32): Illuminate\\Database\\Connection->insert('insert into `ge...', Array)
#6 /var/www/vendor/laravel/framework/src/Illuminate/Database/Query/Builder.php(2695): Illuminate\\Database\\Query\\Processors\\Processor->processInsertGetId(Object(Illuminate\\Database\\Query\\Builder), 'insert into `ge...', Array, 'id')
#7 /var/www/vendor/laravel/framework/src/Illuminate/Database/Eloquent/Builder.php(1366): Illuminate\\Database\\Query\\Builder->insertGetId(Array, 'id')
#8 /var/www/vendor/laravel/framework/src/Illuminate/Database/Eloquent/Model.php(846): Illuminate\\Database\\Eloquent\\Builder->__call('insertGetId', Array)
#9 /var/www/vendor/laravel/framework/src/Illuminate/Database/Eloquent/Model.php(811): Illuminate\\Database\\Eloquent\\Model->insertAndSetId(Object(Illuminate\\Database\\Eloquent\\Builder), Array)
#10 /var/www/vendor/laravel/framework/src/Illuminate/Database/Eloquent/Model.php(674): Illuminate\\Database\\Eloquent\\Model->performInsert(Object(Illuminate\\Database\\Eloquent\\Builder))
#11 /var/www/vendor/laravel/framework/src/Illuminate/Database/Eloquent/FactoryBuilder.php(219): Illuminate\\Database\\Eloquent\\Model->save()
#12 /var/www/vendor/laravel/framework/src/Illuminate/Support/Traits/EnumeratesValues.php(176): Illuminate\\Database\\Eloquent\\FactoryBuilder->Illuminate\\Database\\Eloquent\\{closure}(Object(App\\Models\\Genre), 0)
#13 /var/www/vendor/laravel/framework/src/Illuminate/Database/Eloquent/FactoryBuilder.php(220): Illuminate\\Support\\Collection->each(Object(Closure))
#14 /var/www/vendor/laravel/framework/src/Illuminate/Database/Eloquent/FactoryBuilder.php(185): Illuminate\\Database\\Eloquent\\FactoryBuilder->store(Object(Illuminate\\Database\\Eloquent\\Collection))
#15 /var/www/database/seeds/GenreSeeder.php(15): Illuminate\\Database\\Eloquent\\FactoryBuilder->create()
#16 [internal function]: GenreSeeder->run()
#17 /var/www/vendor/laravel/framework/src/Illuminate/Container/BoundMethod.php(32): call_user_func_array(Array, Array)
#18 /var/www/vendor/laravel/framework/src/Illuminate/Container/Util.php(36): Illuminate\\Container\\BoundMethod::Illuminate\\Container\\{closure}()
#19 /var/www/vendor/laravel/framework/src/Illuminate/Container/BoundMethod.php(90): Illuminate\\Container\\Util::unwrapIfClosure(Object(Closure))
#20 /var/www/vendor/laravel/framework/src/Illuminate/Container/BoundMethod.php(34): Illuminate\\Container\\BoundMethod::callBoundMethod(Object(Illuminate\\Foundation\\Application), Array, Object(Closure))
#21 /var/www/vendor/laravel/framework/src/Illuminate/Container/Container.php(590): Illuminate\\Container\\BoundMethod::call(Object(Illuminate\\Foundation\\Application), Array, Array, NULL)
#22 /var/www/vendor/laravel/framework/src/Illuminate/Database/Seeder.php(134): Illuminate\\Container\\Container->call(Array)
#23 /var/www/vendor/laravel/framework/src/Illuminate/Database/Seeder.php(48): Illuminate\\Database\\Seeder->__invoke()
#24 /var/www/database/seeds/DatabaseSeeder.php(16): Illuminate\\Database\\Seeder->call('GenreSeeder')
#25 [internal function]: DatabaseSeeder->run()
#26 /var/www/vendor/laravel/framework/src/Illuminate/Container/BoundMethod.php(32): call_user_func_array(Array, Array)
#27 /var/www/vendor/laravel/framework/src/Illuminate/Container/Util.php(36): Illuminate\\Container\\BoundMethod::Illuminate\\Container\\{closure}()
#28 /var/www/vendor/laravel/framework/src/Illuminate/Container/BoundMethod.php(90): Illuminate\\Container\\Util::unwrapIfClosure(Object(Closure))
#29 /var/www/vendor/laravel/framework/src/Illuminate/Container/BoundMethod.php(34): Illuminate\\Container\\BoundMethod::callBoundMethod(Object(Illuminate\\Foundation\\Application), Array, Object(Closure))
#30 /var/www/vendor/laravel/framework/src/Illuminate/Container/Container.php(590): Illuminate\\Container\\BoundMethod::call(Object(Illuminate\\Foundation\\Application), Array, Array, NULL)
#31 /var/www/vendor/laravel/framework/src/Illuminate/Database/Seeder.php(134): Illuminate\\Container\\Container->call(Array)
#32 /var/www/vendor/laravel/framework/src/Illuminate/Database/Console/Seeds/SeedCommand.php(63): Illuminate\\Database\\Seeder->__invoke()
#33 /var/www/vendor/laravel/framework/src/Illuminate/Database/Eloquent/Concerns/GuardsAttributes.php(122): Illuminate\\Database\\Console\\Seeds\\SeedCommand->Illuminate\\Database\\Console\\Seeds\\{closure}()
#34 /var/www/vendor/laravel/framework/src/Illuminate/Database/Console/Seeds/SeedCommand.php(64): Illuminate\\Database\\Eloquent\\Model::unguarded(Object(Closure))
#35 [internal function]: Illuminate\\Database\\Console\\Seeds\\SeedCommand->handle()
#36 /var/www/vendor/laravel/framework/src/Illuminate/Container/BoundMethod.php(32): call_user_func_array(Array, Array)
#37 /var/www/vendor/laravel/framework/src/Illuminate/Container/Util.php(36): Illuminate\\Container\\BoundMethod::Illuminate\\Container\\{closure}()
#38 /var/www/vendor/laravel/framework/src/Illuminate/Container/BoundMethod.php(90): Illuminate\\Container\\Util::unwrapIfClosure(Object(Closure))
#39 /var/www/vendor/laravel/framework/src/Illuminate/Container/BoundMethod.php(34): Illuminate\\Container\\BoundMethod::callBoundMethod(Object(Illuminate\\Foundation\\Application), Array, Object(Closure))
#40 /var/www/vendor/laravel/framework/src/Illuminate/Container/Container.php(590): Illuminate\\Container\\BoundMethod::call(Object(Illuminate\\Foundation\\Application), Array, Array, NULL)
#41 /var/www/vendor/laravel/framework/src/Illuminate/Console/Command.php(134): Illuminate\\Container\\Container->call(Array)
#42 /var/www/vendor/symfony/console/Command/Command.php(255): Illuminate\\Console\\Command->execute(Object(Symfony\\Component\\Console\\Input\\ArrayInput), Object(Illuminate\\Console\\OutputStyle))
#43 /var/www/vendor/laravel/framework/src/Illuminate/Console/Command.php(121): Symfony\\Component\\Console\\Command\\Command->run(Object(Symfony\\Component\\Console\\Input\\ArrayInput), Object(Illuminate\\Console\\OutputStyle))
#44 /var/www/vendor/laravel/framework/src/Illuminate/Console/Concerns/CallsCommands.php(56): Illuminate\\Console\\Command->run(Object(Symfony\\Component\\Console\\Input\\ArrayInput), Object(Illuminate\\Console\\OutputStyle))
#45 /var/www/vendor/laravel/framework/src/Illuminate/Console/Concerns/CallsCommands.php(28): Illuminate\\Console\\Command->runCommand('db:seed', Array, Object(Illuminate\\Console\\OutputStyle))
#46 /var/www/vendor/laravel/framework/src/Illuminate/Database/Console/Migrations/MigrateCommand.php(78): Illuminate\\Console\\Command->call('db:seed', Array)
#47 [internal function]: Illuminate\\Database\\Console\\Migrations\\MigrateCommand->handle()
#48 /var/www/vendor/laravel/framework/src/Illuminate/Container/BoundMethod.php(32): call_user_func_array(Array, Array)
#49 /var/www/vendor/laravel/framework/src/Illuminate/Container/Util.php(36): Illuminate\\Container\\BoundMethod::Illuminate\\Container\\{closure}()
#50 /var/www/vendor/laravel/framework/src/Illuminate/Container/BoundMethod.php(90): Illuminate\\Container\\Util::unwrapIfClosure(Object(Closure))
#51 /var/www/vendor/laravel/framework/src/Illuminate/Container/BoundMethod.php(34): Illuminate\\Container\\BoundMethod::callBoundMethod(Object(Illuminate\\Foundation\\Application), Array, Object(Closure))
#52 /var/www/vendor/laravel/framework/src/Illuminate/Container/Container.php(590): Illuminate\\Container\\BoundMethod::call(Object(Illuminate\\Foundation\\Application), Array, Array, NULL)
#53 /var/www/vendor/laravel/framework/src/Illuminate/Console/Command.php(134): Illuminate\\Container\\Container->call(Array)
#54 /var/www/vendor/symfony/console/Command/Command.php(255): Illuminate\\Console\\Command->execute(Object(Symfony\\Component\\Console\\Input\\ArgvInput), Object(Illuminate\\Console\\OutputStyle))
#55 /var/www/vendor/laravel/framework/src/Illuminate/Console/Command.php(121): Symfony\\Component\\Console\\Command\\Command->run(Object(Symfony\\Component\\Console\\Input\\ArgvInput), Object(Illuminate\\Console\\OutputStyle))
#56 /var/www/vendor/symfony/console/Application.php(1001): Illuminate\\Console\\Command->run(Object(Symfony\\Component\\Console\\Input\\ArgvInput), Object(Symfony\\Component\\Console\\Output\\ConsoleOutput))
#57 /var/www/vendor/symfony/console/Application.php(271): Symfony\\Component\\Console\\Application->doRunCommand(Object(Illuminate\\Database\\Console\\Migrations\\MigrateCommand), Object(Symfony\\Component\\Console\\Input\\ArgvInput), Object(Symfony\\Component\\Console\\Output\\ConsoleOutput))
#58 /var/www/vendor/symfony/console/Application.php(147): Symfony\\Component\\Console\\Application->doRun(Object(Symfony\\Component\\Console\\Input\\ArgvInput), Object(Symfony\\Component\\Console\\Output\\ConsoleOutput))
#59 /var/www/vendor/laravel/framework/src/Illuminate/Console/Application.php(93): Symfony\\Component\\Console\\Application->run(Object(Symfony\\Component\\Console\\Input\\ArgvInput), Object(Symfony\\Component\\Console\\Output\\ConsoleOutput))
#60 /var/www/vendor/laravel/framework/src/Illuminate/Foundation/Console/Kernel.php(131): Illuminate\\Console\\Application->run(Object(Symfony\\Component\\Console\\Input\\ArgvInput), Object(Symfony\\Component\\Console\\Output\\ConsoleOutput))
#61 /var/www/artisan(37): Illuminate\\Foundation\\Console\\Kernel->handle(Object(Symfony\\Component\\Console\\Input\\ArgvInput), Object(Symfony\\Component\\Console\\Output\\ConsoleOutput))
#62 {main}

[previous exception] [object] (PDOException(code: 01000): SQLSTATE[01000]: Warning: 1265 Data truncated for column 'id' at row 1 at /var/www/vendor/doctrine/dbal/lib/Doctrine/DBAL/Driver/PDOStatement.php:121)
[stacktrace]
#0 /var/www/vendor/doctrine/dbal/lib/Doctrine/DBAL/Driver/PDOStatement.php(121): PDOStatement->execute(NULL)
#1 /var/www/vendor/laravel/framework/src/Illuminate/Database/Connection.php(463): Doctrine\\DBAL\\Driver\\PDOStatement->execute()
#2 /var/www/vendor/laravel/framework/src/Illuminate/Database/Connection.php(662): Illuminate\\Database\\Connection->Illuminate\\Database\\{closure}('insert into `ge...', Array)
#3 /var/www/vendor/laravel/framework/src/Illuminate/Database/Connection.php(629): Illuminate\\Database\\Connection->runQueryCallback('insert into `ge...', Array, Object(Closure))
#4 /var/www/vendor/laravel/framework/src/Illuminate/Database/Connection.php(464): Illuminate\\Database\\Connection->run('insert into `ge...', Array, Object(Closure))
#5 /var/www/vendor/laravel/framework/src/Illuminate/Database/Connection.php(416): Illuminate\\Database\\Connection->statement('insert into `ge...', Array)
#6 /var/www/vendor/laravel/framework/src/Illuminate/Database/Query/Processors/Processor.php(32): Illuminate\\Database\\Connection->insert('insert into `ge...', Array)
#7 /var/www/vendor/laravel/framework/src/Illuminate/Database/Query/Builder.php(2695): Illuminate\\Database\\Query\\Processors\\Processor->processInsertGetId(Object(Illuminate\\Database\\Query\\Builder), 'insert into `ge...', Array, 'id')
#8 /var/www/vendor/laravel/framework/src/Illuminate/Database/Eloquent/Builder.php(1366): Illuminate\\Database\\Query\\Builder->insertGetId(Array, 'id')
#9 /var/www/vendor/laravel/framework/src/Illuminate/Database/Eloquent/Model.php(846): Illuminate\\Database\\Eloquent\\Builder->__call('insertGetId', Array)
#10 /var/www/vendor/laravel/framework/src/Illuminate/Database/Eloquent/Model.php(811): Illuminate\\Database\\Eloquent\\Model->insertAndSetId(Object(Illuminate\\Database\\Eloquent\\Builder), Array)
#11 /var/www/vendor/laravel/framework/src/Illuminate/Database/Eloquent/Model.php(674): Illuminate\\Database\\Eloquent\\Model->performInsert(Object(Illuminate\\Database\\Eloquent\\Builder))
#12 /var/www/vendor/laravel/framework/src/Illuminate/Database/Eloquent/FactoryBuilder.php(219): Illuminate\\Database\\Eloquent\\Model->save()
#13 /var/www/vendor/laravel/framework/src/Illuminate/Support/Traits/EnumeratesValues.php(176): Illuminate\\Database\\Eloquent\\FactoryBuilder->Illuminate\\Database\\Eloquent\\{closure}(Object(App\\Models\\Genre), 0)
#14 /var/www/vendor/laravel/framework/src/Illuminate/Database/Eloquent/FactoryBuilder.php(220): Illuminate\\Support\\Collection->each(Object(Closure))
#15 /var/www/vendor/laravel/framework/src/Illuminate/Database/Eloquent/FactoryBuilder.php(185): Illuminate\\Database\\Eloquent\\FactoryBuilder->store(Object(Illuminate\\Database\\Eloquent\\Collection))
#16 /var/www/database/seeds/GenreSeeder.php(15): Illuminate\\Database\\Eloquent\\FactoryBuilder->create()
#17 [internal function]: GenreSeeder->run()
#18 /var/www/vendor/laravel/framework/src/Illuminate/Container/BoundMethod.php(32): call_user_func_array(Array, Array)
#19 /var/www/vendor/laravel/framework/src/Illuminate/Container/Util.php(36): Illuminate\\Container\\BoundMethod::Illuminate\\Container\\{closure}()
#20 /var/www/vendor/laravel/framework/src/Illuminate/Container/BoundMethod.php(90): Illuminate\\Container\\Util::unwrapIfClosure(Object(Closure))
#21 /var/www/vendor/laravel/framework/src/Illuminate/Container/BoundMethod.php(34): Illuminate\\Container\\BoundMethod::callBoundMethod(Object(Illuminate\\Foundation\\Application), Array, Object(Closure))
#22 /var/www/vendor/laravel/framework/src/Illuminate/Container/Container.php(590): Illuminate\\Container\\BoundMethod::call(Object(Illuminate\\Foundation\\Application), Array, Array, NULL)
#23 /var/www/vendor/laravel/framework/src/Illuminate/Database/Seeder.php(134): Illuminate\\Container\\Container->call(Array)
#24 /var/www/vendor/laravel/framework/src/Illuminate/Database/Seeder.php(48): Illuminate\\Database\\Seeder->__invoke()
#25 /var/www/database/seeds/DatabaseSeeder.php(16): Illuminate\\Database\\Seeder->call('GenreSeeder')
#26 [internal function]: DatabaseSeeder->run()
#27 /var/www/vendor/laravel/framework/src/Illuminate/Container/BoundMethod.php(32): call_user_func_array(Array, Array)
#28 /var/www/vendor/laravel/framework/src/Illuminate/Container/Util.php(36): Illuminate\\Container\\BoundMethod::Illuminate\\Container\\{closure}()
#29 /var/www/vendor/laravel/framework/src/Illuminate/Container/BoundMethod.php(90): Illuminate\\Container\\Util::unwrapIfClosure(Object(Closure))
#30 /var/www/vendor/laravel/framework/src/Illuminate/Container/BoundMethod.php(34): Illuminate\\Container\\BoundMethod::callBoundMethod(Object(Illuminate\\Foundation\\Application), Array, Object(Closure))
#31 /var/www/vendor/laravel/framework/src/Illuminate/Container/Container.php(590): Illuminate\\Container\\BoundMethod::call(Object(Illuminate\\Foundation\\Application), Array, Array, NULL)
#32 /var/www/vendor/laravel/framework/src/Illuminate/Database/Seeder.php(134): Illuminate\\Container\\Container->call(Array)
#33 /var/www/vendor/laravel/framework/src/Illuminate/Database/Console/Seeds/SeedCommand.php(63): Illuminate\\Database\\Seeder->__invoke()
#34 /var/www/vendor/laravel/framework/src/Illuminate/Database/Eloquent/Concerns/GuardsAttributes.php(122): Illuminate\\Database\\Console\\Seeds\\SeedCommand->Illuminate\\Database\\Console\\Seeds\\{closure}()
#35 /var/www/vendor/laravel/framework/src/Illuminate/Database/Console/Seeds/SeedCommand.php(64): Illuminate\\Database\\Eloquent\\Model::unguarded(Object(Closure))
#36 [internal function]: Illuminate\\Database\\Console\\Seeds\\SeedCommand->handle()
#37 /var/www/vendor/laravel/framework/src/Illuminate/Container/BoundMethod.php(32): call_user_func_array(Array, Array)
#38 /var/www/vendor/laravel/framework/src/Illuminate/Container/Util.php(36): Illuminate\\Container\\BoundMethod::Illuminate\\Container\\{closure}()
#39 /var/www/vendor/laravel/framework/src/Illuminate/Container/BoundMethod.php(90): Illuminate\\Container\\Util::unwrapIfClosure(Object(Closure))
#40 /var/www/vendor/laravel/framework/src/Illuminate/Container/BoundMethod.php(34): Illuminate\\Container\\BoundMethod::callBoundMethod(Object(Illuminate\\Foundation\\Application), Array, Object(Closure))
#41 /var/www/vendor/laravel/framework/src/Illuminate/Container/Container.php(590): Illuminate\\Container\\BoundMethod::call(Object(Illuminate\\Foundation\\Application), Array, Array, NULL)
#42 /var/www/vendor/laravel/framework/src/Illuminate/Console/Command.php(134): Illuminate\\Container\\Container->call(Array)
#43 /var/www/vendor/symfony/console/Command/Command.php(255): Illuminate\\Console\\Command->execute(Object(Symfony\\Component\\Console\\Input\\ArrayInput), Object(Illuminate\\Console\\OutputStyle))
#44 /var/www/vendor/laravel/framework/src/Illuminate/Console/Command.php(121): Symfony\\Component\\Console\\Command\\Command->run(Object(Symfony\\Component\\Console\\Input\\ArrayInput), Object(Illuminate\\Console\\OutputStyle))
#45 /var/www/vendor/laravel/framework/src/Illuminate/Console/Concerns/CallsCommands.php(56): Illuminate\\Console\\Command->run(Object(Symfony\\Component\\Console\\Input\\ArrayInput), Object(Illuminate\\Console\\OutputStyle))
#46 /var/www/vendor/laravel/framework/src/Illuminate/Console/Concerns/CallsCommands.php(28): Illuminate\\Console\\Command->runCommand('db:seed', Array, Object(Illuminate\\Console\\OutputStyle))
#47 /var/www/vendor/laravel/framework/src/Illuminate/Database/Console/Migrations/MigrateCommand.php(78): Illuminate\\Console\\Command->call('db:seed', Array)
#48 [internal function]: Illuminate\\Database\\Console\\Migrations\\MigrateCommand->handle()
#49 /var/www/vendor/laravel/framework/src/Illuminate/Container/BoundMethod.php(32): call_user_func_array(Array, Array)
#50 /var/www/vendor/laravel/framework/src/Illuminate/Container/Util.php(36): Illuminate\\Container\\BoundMethod::Illuminate\\Container\\{closure}()
#51 /var/www/vendor/laravel/framework/src/Illuminate/Container/BoundMethod.php(90): Illuminate\\Container\\Util::unwrapIfClosure(Object(Closure))
#52 /var/www/vendor/laravel/framework/src/Illuminate/Container/BoundMethod.php(34): Illuminate\\Container\\BoundMethod::callBoundMethod(Object(Illuminate\\Foundation\\Application), Array, Object(Closure))
#53 /var/www/vendor/laravel/framework/src/Illuminate/Container/Container.php(590): Illuminate\\Container\\BoundMethod::call(Object(Illuminate\\Foundation\\Application), Array, Array, NULL)
#54 /var/www/vendor/laravel/framework/src/Illuminate/Console/Command.php(134): Illuminate\\Container\\Container->call(Array)
#55 /var/www/vendor/symfony/console/Command/Command.php(255): Illuminate\\Console\\Command->execute(Object(Symfony\\Component\\Console\\Input\\ArgvInput), Object(Illuminate\\Console\\OutputStyle))
#56 /var/www/vendor/laravel/framework/src/Illuminate/Console/Command.php(121): Symfony\\Component\\Console\\Command\\Command->run(Object(Symfony\\Component\\Console\\Input\\ArgvInput), Object(Illuminate\\Console\\OutputStyle))
#57 /var/www/vendor/symfony/console/Application.php(1001): Illuminate\\Console\\Command->run(Object(Symfony\\Component\\Console\\Input\\ArgvInput), Object(Symfony\\Component\\Console\\Output\\ConsoleOutput))
#58 /var/www/vendor/symfony/console/Application.php(271): Symfony\\Component\\Console\\Application->doRunCommand(Object(Illuminate\\Database\\Console\\Migrations\\MigrateCommand), Object(Symfony\\Component\\Console\\Input\\ArgvInput), Object(Symfony\\Component\\Console\\Output\\ConsoleOutput))
#59 /var/www/vendor/symfony/console/Application.php(147): Symfony\\Component\\Console\\Application->doRun(Object(Symfony\\Component\\Console\\Input\\ArgvInput), Object(Symfony\\Component\\Console\\Output\\ConsoleOutput))
#60 /var/www/vendor/laravel/framework/src/Illuminate/Console/Application.php(93): Symfony\\Component\\Console\\Application->run(Object(Symfony\\Component\\Console\\Input\\ArgvInput), Object(Symfony\\Component\\Console\\Output\\ConsoleOutput))
#61 /var/www/vendor/laravel/framework/src/Illuminate/Foundation/Console/Kernel.php(131): Illuminate\\Console\\Application->run(Object(Symfony\\Component\\Console\\Input\\ArgvInput), Object(Symfony\\Component\\Console\\Output\\ConsoleOutput))
#62 /var/www/artisan(37): Illuminate\\Foundation\\Console\\Kernel->handle(Object(Symfony\\Component\\Console\\Input\\ArgvInput), Object(Symfony\\Component\\Console\\Output\\ConsoleOutput))
#63 {main}
"} 
[2020-04-11 00:32:12] local.ERROR: Writing to /.config/psysh is not allowed. {"exception":"[object] (ErrorException(code: 0): Writing to /.config/psysh is not allowed. at /var/www/vendor/psy/psysh/src/ConfigPaths.php:217)
[stacktrace]
#0 [internal function]: Illuminate\\Foundation\\Bootstrap\\HandleExceptions->handleError(1024, 'Writing to /.co...', '/var/www/vendor...', 217, Array)
#1 /var/www/vendor/psy/psysh/src/ConfigPaths.php(217): trigger_error('Writing to /.co...', 1024)
#2 /var/www/vendor/psy/psysh/src/ConfigPaths.php(246): Psy\\ConfigPaths::ensureDir('/.config/psysh')
#3 /var/www/vendor/psy/psysh/src/Configuration.php(594): Psy\\ConfigPaths::touchFileWithMkdir('/.config/psysh/...')
#4 /var/www/vendor/psy/psysh/src/Configuration.php(623): Psy\\Configuration->setHistoryFile('/.config/psysh/...')
#5 /var/www/vendor/psy/psysh/src/Configuration.php(760): Psy\\Configuration->getHistoryFile()
#6 /var/www/vendor/psy/psysh/src/Shell.php(88): Psy\\Configuration->getReadline()
#7 /var/www/vendor/laravel/tinker/src/Console/TinkerCommand.php(55): Psy\\Shell->__construct(Object(Psy\\Configuration))
#8 [internal function]: Laravel\\Tinker\\Console\\TinkerCommand->handle()
#9 /var/www/vendor/laravel/framework/src/Illuminate/Container/BoundMethod.php(32): call_user_func_array(Array, Array)
#10 /var/www/vendor/laravel/framework/src/Illuminate/Container/Util.php(36): Illuminate\\Container\\BoundMethod::Illuminate\\Container\\{closure}()
#11 /var/www/vendor/laravel/framework/src/Illuminate/Container/BoundMethod.php(90): Illuminate\\Container\\Util::unwrapIfClosure(Object(Closure))
#12 /var/www/vendor/laravel/framework/src/Illuminate/Container/BoundMethod.php(34): Illuminate\\Container\\BoundMethod::callBoundMethod(Object(Illuminate\\Foundation\\Application), Array, Object(Closure))
#13 /var/www/vendor/laravel/framework/src/Illuminate/Container/Container.php(590): Illuminate\\Container\\BoundMethod::call(Object(Illuminate\\Foundation\\Application), Array, Array, NULL)
#14 /var/www/vendor/laravel/framework/src/Illuminate/Console/Command.php(134): Illuminate\\Container\\Container->call(Array)
#15 /var/www/vendor/symfony/console/Command/Command.php(255): Illuminate\\Console\\Command->execute(Object(Symfony\\Component\\Console\\Input\\ArgvInput), Object(Illuminate\\Console\\OutputStyle))
#16 /var/www/vendor/laravel/framework/src/Illuminate/Console/Command.php(121): Symfony\\Component\\Console\\Command\\Command->run(Object(Symfony\\Component\\Console\\Input\\ArgvInput), Object(Illuminate\\Console\\OutputStyle))
#17 /var/www/vendor/symfony/console/Application.php(1001): Illuminate\\Console\\Command->run(Object(Symfony\\Component\\Console\\Input\\ArgvInput), Object(Symfony\\Component\\Console\\Output\\ConsoleOutput))
#18 /var/www/vendor/symfony/console/Application.php(271): Symfony\\Component\\Console\\Application->doRunCommand(Object(Laravel\\Tinker\\Console\\TinkerCommand), Object(Symfony\\Component\\Console\\Input\\ArgvInput), Object(Symfony\\Component\\Console\\Output\\ConsoleOutput))
#19 /var/www/vendor/symfony/console/Application.php(147): Symfony\\Component\\Console\\Application->doRun(Object(Symfony\\Component\\Console\\Input\\ArgvInput), Object(Symfony\\Component\\Console\\Output\\ConsoleOutput))
#20 /var/www/vendor/laravel/framework/src/Illuminate/Console/Application.php(93): Symfony\\Component\\Console\\Application->run(Object(Symfony\\Component\\Console\\Input\\ArgvInput), Object(Symfony\\Component\\Console\\Output\\ConsoleOutput))
#21 /var/www/vendor/laravel/framework/src/Illuminate/Foundation/Console/Kernel.php(131): Illuminate\\Console\\Application->run(Object(Symfony\\Component\\Console\\Input\\ArgvInput), Object(Symfony\\Component\\Console\\Output\\ConsoleOutput))
#22 /var/www/artisan(37): Illuminate\\Foundation\\Console\\Kernel->handle(Object(Symfony\\Component\\Console\\Input\\ArgvInput), Object(Symfony\\Component\\Console\\Output\\ConsoleOutput))
#23 {main}
"} 
[2020-04-11 00:41:12] local.ERROR: Command "route" is not defined.

Did you mean one of these?
    route:cache
    route:clear
    route:list {"exception":"[object] (Symfony\\Component\\Console\\Exception\\CommandNotFoundException(code: 0): Command \"route\" is not defined.

Did you mean one of these?
    route:cache
    route:clear
    route:list at /var/www/vendor/symfony/console/Application.php:669)
[stacktrace]
#0 /var/www/vendor/symfony/console/Application.php(235): Symfony\\Component\\Console\\Application->find('route')
#1 /var/www/vendor/symfony/console/Application.php(147): Symfony\\Component\\Console\\Application->doRun(Object(Symfony\\Component\\Console\\Input\\ArgvInput), Object(Symfony\\Component\\Console\\Output\\ConsoleOutput))
#2 /var/www/vendor/laravel/framework/src/Illuminate/Console/Application.php(93): Symfony\\Component\\Console\\Application->run(Object(Symfony\\Component\\Console\\Input\\ArgvInput), Object(Symfony\\Component\\Console\\Output\\ConsoleOutput))
#3 /var/www/vendor/laravel/framework/src/Illuminate/Foundation/Console/Kernel.php(131): Illuminate\\Console\\Application->run(Object(Symfony\\Component\\Console\\Input\\ArgvInput), Object(Symfony\\Component\\Console\\Output\\ConsoleOutput))
#4 /var/www/artisan(37): Illuminate\\Foundation\\Console\\Kernel->handle(Object(Symfony\\Component\\Console\\Input\\ArgvInput), Object(Symfony\\Component\\Console\\Output\\ConsoleOutput))
#5 {main}
"} 
[2020-04-11 01:31:18] local.ERROR: Writing to /.config/psysh is not allowed. {"exception":"[object] (ErrorException(code: 0): Writing to /.config/psysh is not allowed. at /var/www/vendor/psy/psysh/src/ConfigPaths.php:217)
[stacktrace]
#0 [internal function]: Illuminate\\Foundation\\Bootstrap\\HandleExceptions->handleError(1024, 'Writing to /.co...', '/var/www/vendor...', 217, Array)
#1 /var/www/vendor/psy/psysh/src/ConfigPaths.php(217): trigger_error('Writing to /.co...', 1024)
#2 /var/www/vendor/psy/psysh/src/ConfigPaths.php(246): Psy\\ConfigPaths::ensureDir('/.config/psysh')
#3 /var/www/vendor/psy/psysh/src/Configuration.php(594): Psy\\ConfigPaths::touchFileWithMkdir('/.config/psysh/...')
#4 /var/www/vendor/psy/psysh/src/Configuration.php(623): Psy\\Configuration->setHistoryFile('/.config/psysh/...')
#5 /var/www/vendor/psy/psysh/src/Configuration.php(760): Psy\\Configuration->getHistoryFile()
#6 /var/www/vendor/psy/psysh/src/Shell.php(88): Psy\\Configuration->getReadline()
#7 /var/www/vendor/laravel/tinker/src/Console/TinkerCommand.php(55): Psy\\Shell->__construct(Object(Psy\\Configuration))
#8 [internal function]: Laravel\\Tinker\\Console\\TinkerCommand->handle()
#9 /var/www/vendor/laravel/framework/src/Illuminate/Container/BoundMethod.php(32): call_user_func_array(Array, Array)
#10 /var/www/vendor/laravel/framework/src/Illuminate/Container/Util.php(36): Illuminate\\Container\\BoundMethod::Illuminate\\Container\\{closure}()
#11 /var/www/vendor/laravel/framework/src/Illuminate/Container/BoundMethod.php(90): Illuminate\\Container\\Util::unwrapIfClosure(Object(Closure))
#12 /var/www/vendor/laravel/framework/src/Illuminate/Container/BoundMethod.php(34): Illuminate\\Container\\BoundMethod::callBoundMethod(Object(Illuminate\\Foundation\\Application), Array, Object(Closure))
#13 /var/www/vendor/laravel/framework/src/Illuminate/Container/Container.php(590): Illuminate\\Container\\BoundMethod::call(Object(Illuminate\\Foundation\\Application), Array, Array, NULL)
#14 /var/www/vendor/laravel/framework/src/Illuminate/Console/Command.php(134): Illuminate\\Container\\Container->call(Array)
#15 /var/www/vendor/symfony/console/Command/Command.php(255): Illuminate\\Console\\Command->execute(Object(Symfony\\Component\\Console\\Input\\ArgvInput), Object(Illuminate\\Console\\OutputStyle))
#16 /var/www/vendor/laravel/framework/src/Illuminate/Console/Command.php(121): Symfony\\Component\\Console\\Command\\Command->run(Object(Symfony\\Component\\Console\\Input\\ArgvInput), Object(Illuminate\\Console\\OutputStyle))
#17 /var/www/vendor/symfony/console/Application.php(1001): Illuminate\\Console\\Command->run(Object(Symfony\\Component\\Console\\Input\\ArgvInput), Object(Symfony\\Component\\Console\\Output\\ConsoleOutput))
#18 /var/www/vendor/symfony/console/Application.php(271): Symfony\\Component\\Console\\Application->doRunCommand(Object(Laravel\\Tinker\\Console\\TinkerCommand), Object(Symfony\\Component\\Console\\Input\\ArgvInput), Object(Symfony\\Component\\Console\\Output\\ConsoleOutput))
#19 /var/www/vendor/symfony/console/Application.php(147): Symfony\\Component\\Console\\Application->doRun(Object(Symfony\\Component\\Console\\Input\\ArgvInput), Object(Symfony\\Component\\Console\\Output\\ConsoleOutput))
#20 /var/www/vendor/laravel/framework/src/Illuminate/Console/Application.php(93): Symfony\\Component\\Console\\Application->run(Object(Symfony\\Component\\Console\\Input\\ArgvInput), Object(Symfony\\Component\\Console\\Output\\ConsoleOutput))
#21 /var/www/vendor/laravel/framework/src/Illuminate/Foundation/Console/Kernel.php(131): Illuminate\\Console\\Application->run(Object(Symfony\\Component\\Console\\Input\\ArgvInput), Object(Symfony\\Component\\Console\\Output\\ConsoleOutput))
#22 /var/www/artisan(37): Illuminate\\Foundation\\Console\\Kernel->handle(Object(Symfony\\Component\\Console\\Input\\ArgvInput), Object(Symfony\\Component\\Console\\Output\\ConsoleOutput))
#23 {main}
"} 
