["INFO" - 07:49:51] Extension Name: "prettier-vscode".
["INFO" - 07:49:51] Extension Version: "4.1.1".
["INFO" - 07:49:52] Loaded module 'prettier@1.19.1' from '/home/valteir/code/estudo/code-education/curso-microservices/sources/cms-code-micro-video/node_modules/prettier/index.js'
["INFO" - 07:49:52] Enabling prettier for languages
[
  "css",
  "graphql",
  "html",
  "javascript",
  "javascriptreact",
  "json",
  "json5",
  "jsonc",
  "less",
  "markdown",
  "mdx",
  "mongo",
  "postcss",
  "scss",
  "typescript",
  "typescriptreact",
  "vue",
  "yaml"
]
["INFO" - 07:49:52] Enabling prettier for range supported languages
[
  "graphql",
  "javascript",
  "javascriptreact",
  "json",
  "typescript",
  "typescriptreact"
]
